<?xml version="1.0" encoding="UTF-8"?>
<testng-results skipped="0" failed="0" ignored="0" total="1" passed="1">
  <reporter-output>
  </reporter-output>
  <suite name="Default suite" duration-ms="42809" started-at="2019-01-04T05:21:20Z" finished-at="2019-01-04T05:22:03Z">
    <groups>
    </groups>
    <test name="Default test" duration-ms="42809" started-at="2019-01-04T05:21:20Z" finished-at="2019-01-04T05:22:03Z">
      <class name="com.ibm.jenkins.com.ibm.jenkins.LaunchApp">
        <test-method status="PASS" signature="beforeTest()[pri:0, instance:com.ibm.jenkins.com.ibm.jenkins.LaunchApp@55f3ddb1]" name="beforeTest" is-config="true" duration-ms="40844" started-at="2019-01-04T10:51:20Z" finished-at="2019-01-04T10:52:01Z">
          <reporter-output>
          </reporter-output>
        </test-method> <!-- beforeTest -->
        <test-method status="PASS" signature="launchTest()[pri:0, instance:com.ibm.jenkins.com.ibm.jenkins.LaunchApp@55f3ddb1]" name="launchTest" duration-ms="50" started-at="2019-01-04T10:52:01Z" finished-at="2019-01-04T10:52:01Z">
          <reporter-output>
          </reporter-output>
        </test-method> <!-- launchTest -->
        <test-method status="PASS" signature="afterTest()[pri:0, instance:com.ibm.jenkins.com.ibm.jenkins.LaunchApp@55f3ddb1]" name="afterTest" is-config="true" duration-ms="1678" started-at="2019-01-04T10:52:01Z" finished-at="2019-01-04T10:52:03Z">
          <reporter-output>
          </reporter-output>
        </test-method> <!-- afterTest -->
      </class> <!-- com.ibm.jenkins.com.ibm.jenkins.LaunchApp -->
    </test> <!-- Default test -->
  </suite> <!-- Default suite -->
</testng-results>
